<?xml version="1.0" encoding="UTF-8"?>
<!-- Generated by org.testng.reporters.JUnitReportReporter -->
<testsuite skipped="0" hostname="e98dce08267a" name="searchmodule.tests.SearchTest" tests="4" failures="0" timestamp="28 Mar 2019 12:03:50 GMT" time="16.985" errors="0">
  <testcase name="Search" time="4.499" classname="searchmodule.tests.SearchTest"/>
  <testcase name="Search" time="4.296" classname="searchmodule.tests.SearchTest"/>
  <testcase name="Search" time="4.010" classname="searchmodule.tests.SearchTest"/>
  <testcase name="Search" time="4.180" classname="searchmodule.tests.SearchTest"/>
</testsuite> <!-- searchmodule.tests.SearchTest -->
