<?xml version="1.0" encoding="UTF-8"?>
<!-- Generated by org.testng.reporters.JUnitReportReporter -->
<testsuite skipped="0" hostname="7032100fef58" name="searchmodule.tests.SearchTest" tests="4" failures="0" timestamp="29 Mar 2019 05:04:53 GMT" time="60.922" errors="0">
  <testcase name="Search" time="17.120" classname="searchmodule.tests.SearchTest"/>
  <testcase name="Search" time="17.904" classname="searchmodule.tests.SearchTest"/>
  <testcase name="Search" time="12.256" classname="searchmodule.tests.SearchTest"/>
  <testcase name="Search" time="13.642" classname="searchmodule.tests.SearchTest"/>
</testsuite> <!-- searchmodule.tests.SearchTest -->
