<?xml version="1.0" encoding="UTF-8"?>
<!-- Generated by org.testng.reporters.JUnitReportReporter -->
<testsuite skipped="0" hostname="83d9fae7e98a" name="searchmodule.tests.SearchTest" tests="4" failures="0" timestamp="29 Mar 2019 05:05:08 GMT" time="62.922" errors="0">
  <testcase name="Search" time="15.792" classname="searchmodule.tests.SearchTest"/>
  <testcase name="Search" time="16.606" classname="searchmodule.tests.SearchTest"/>
  <testcase name="Search" time="16.848" classname="searchmodule.tests.SearchTest"/>
  <testcase name="Search" time="13.676" classname="searchmodule.tests.SearchTest"/>
</testsuite> <!-- searchmodule.tests.SearchTest -->
